<?xml version="1.0" encoding="UTF-8"?>
<!-- Generated by org.testng.reporters.JUnitReportReporter -->
<testsuite skipped="0" hostname="edureka-VirtualBox" name="TestNG.userauth" tests="1" failures="0" timestamp="24 Aug 2019 15:00:28 GMT" time="10.860" errors="0">
  <testcase name="verifyauth" time="10.860" classname="TestNG.userauth"/>
</testsuite> <!-- TestNG.userauth -->
