<?xml version="1.0" encoding="UTF-8"?>
<!-- Generated by org.testng.reporters.JUnitReportReporter -->
<testsuite skipped="0" hostname="edureka-VirtualBox" name="TestNG.userauth" tests="1" failures="0" timestamp="27 May 2019 05:23:04 GMT" time="33.226" errors="0">
  <testcase name="verifyauth" time="33.226" classname="TestNG.userauth"/>
</testsuite> <!-- TestNG.userauth -->
